#-----------------------------------------------------------
# Vivado v2018.3 (64-bit)
# SW Build 2405991 on Thu Dec  6 23:38:27 MST 2018
# IP Build 2404404 on Fri Dec  7 01:43:56 MST 2018
# Start of session at: Fri Jan  5 16:19:05 2024
# Process ID: 18032
# Current directory: D:/FPGA/week13/7.29/project/dual_cam_display
# Command line: vivado.exe -gui_launcher_event rodinguilauncherevent5452 D:\FPGA\week13\7.29\project\dual_cam_display\dual_cam_display_ov5640_k7.xpr
# Log file: D:/FPGA/week13/7.29/project/dual_cam_display/vivado.log
# Journal file: D:/FPGA/week13/7.29/project/dual_cam_display\vivado.jou
#-----------------------------------------------------------
start_gui
open_project D:/FPGA/week13/7.29/project/dual_cam_display/dual_cam_display_ov5640_k7.xpr
Scanning sources...
Finished scanning sources
INFO: [IP_Flow 19-234] Refreshing IP repositories
INFO: [IP_Flow 19-1700] Loaded user IP repository 'd:/FPGA/week13/7.29/project/dual_cam_display/usr_IP'.
INFO: [IP_Flow 19-2313] Loaded Vivado IP repository 'D:/Xilinx/Vivado/2018.3/data/ip'.
open_project: Time (s): cpu = 00:00:34 ; elapsed = 00:00:20 . Memory (MB): peak = 842.996 ; gain = 210.875
update_compile_order -fileset sources_1
