#-----------------------------------------------------------
# Vivado v2018.3 (64-bit)
# SW Build 2405991 on Thu Dec  6 23:38:27 MST 2018
# IP Build 2404404 on Fri Dec  7 01:43:56 MST 2018
# Start of session at: Wed Oct  4 21:44:48 2023
# Process ID: 24688
# Current directory: D:/FPGA/week13/7.29/project/dual_cam_display
# Command line: vivado.exe -gui_launcher_event rodinguilauncherevent29936 D:\FPGA\week13\7.29\project\dual_cam_display\dual_cam_display_ov5640_k7.xpr
# Log file: D:/FPGA/week13/7.29/project/dual_cam_display/vivado.log
# Journal file: D:/FPGA/week13/7.29/project/dual_cam_display\vivado.jou
#-----------------------------------------------------------
start_gui
open_project D:/FPGA/week13/7.29/project/dual_cam_display/dual_cam_display_ov5640_k7.xpr
Scanning sources...
Finished scanning sources
INFO: [IP_Flow 19-234] Refreshing IP repositories
INFO: [IP_Flow 19-1700] Loaded user IP repository 'd:/FPGA/week13/7.29/project/dual_cam_display/usr_IP'.
INFO: [IP_Flow 19-2313] Loaded Vivado IP repository 'D:/Xilinx/Vivado/2018.3/data/ip'.
open_project: Time (s): cpu = 00:00:30 ; elapsed = 00:00:14 . Memory (MB): peak = 873.793 ; gain = 242.262
update_compile_order -fileset sources_1
exit
INFO: [Common 17-206] Exiting Vivado at Sat Oct  7 16:08:44 2023...
