#-----------------------------------------------------------
# Vivado v2018.3 (64-bit)
# SW Build 2405991 on Thu Dec  6 23:38:27 MST 2018
# IP Build 2404404 on Fri Dec  7 01:43:56 MST 2018
# Start of session at: Mon Oct 23 12:57:19 2023
# Process ID: 14108
# Current directory: D:/FPGA/week13/7.29/project/dual_cam_display
# Command line: vivado.exe -gui_launcher_event rodinguilauncherevent17296 D:\FPGA\week13\7.29\project\dual_cam_display\dual_cam_display_ov5640_k7.xpr
# Log file: D:/FPGA/week13/7.29/project/dual_cam_display/vivado.log
# Journal file: D:/FPGA/week13/7.29/project/dual_cam_display\vivado.jou
#-----------------------------------------------------------
start_gui
open_project D:/FPGA/week13/7.29/project/dual_cam_display/dual_cam_display_ov5640_k7.xpr
Scanning sources...
Finished scanning sources
INFO: [IP_Flow 19-234] Refreshing IP repositories
INFO: [IP_Flow 19-1700] Loaded user IP repository 'd:/FPGA/week13/7.29/project/dual_cam_display/usr_IP'.
INFO: [IP_Flow 19-2313] Loaded Vivado IP repository 'D:/Xilinx/Vivado/2018.3/data/ip'.
open_project: Time (s): cpu = 00:00:28 ; elapsed = 00:00:16 . Memory (MB): peak = 874.477 ; gain = 262.555
update_compile_order -fileset sources_1
set_property -dict [list CONFIG.XML_INPUT_FILE {mig_b.prj} CONFIG.RESET_BOARD_INTERFACE {Custom} CONFIG.MIG_DONT_TOUCH_PARAM {Custom} CONFIG.BOARD_MIG_PARAM {Custom} CONFIG.SYSTEM_RESET.INSERT_VIP {0} CONFIG.CLK_REF_I.INSERT_VIP {0} CONFIG.RESET.INSERT_VIP {0} CONFIG.DDR3_RESET.INSERT_VIP {0} CONFIG.DDR2_RESET.INSERT_VIP {0} CONFIG.LPDDR2_RESET.INSERT_VIP {0} CONFIG.QDRIIP_RESET.INSERT_VIP {0} CONFIG.RLDII_RESET.INSERT_VIP {0} CONFIG.RLDIII_RESET.INSERT_VIP {0} CONFIG.CLOCK.INSERT_VIP {0} CONFIG.MMCM_CLKOUT0.INSERT_VIP {0} CONFIG.MMCM_CLKOUT1.INSERT_VIP {0} CONFIG.MMCM_CLKOUT2.INSERT_VIP {0} CONFIG.MMCM_CLKOUT3.INSERT_VIP {0} CONFIG.MMCM_CLKOUT4.INSERT_VIP {0} CONFIG.S_AXI_CTRL.INSERT_VIP {0} CONFIG.S_AXI.INSERT_VIP {0} CONFIG.SYS_CLK_I.INSERT_VIP {0} CONFIG.ARESETN.INSERT_VIP {0} CONFIG.C0_RESET.INSERT_VIP {0} CONFIG.C0_DDR3_RESET.INSERT_VIP {0} CONFIG.C0_DDR2_RESET.INSERT_VIP {0} CONFIG.C0_LPDDR2_RESET.INSERT_VIP {0} CONFIG.C0_QDRIIP_RESET.INSERT_VIP {0} CONFIG.C0_RLDII_RESET.INSERT_VIP {0} CONFIG.C0_RLDIII_RESET.INSERT_VIP {0} CONFIG.C0_CLOCK.INSERT_VIP {0} CONFIG.C0_MMCM_CLKOUT0.INSERT_VIP {0} CONFIG.C0_MMCM_CLKOUT1.INSERT_VIP {0} CONFIG.C0_MMCM_CLKOUT2.INSERT_VIP {0} CONFIG.C0_MMCM_CLKOUT3.INSERT_VIP {0} CONFIG.C0_MMCM_CLKOUT4.INSERT_VIP {0} CONFIG.S0_AXI_CTRL.INSERT_VIP {0} CONFIG.S0_AXI.INSERT_VIP {0} CONFIG.C0_SYS_CLK_I.INSERT_VIP {0} CONFIG.C0_ARESETN.INSERT_VIP {0} CONFIG.C1_RESET.INSERT_VIP {0} CONFIG.C1_DDR3_RESET.INSERT_VIP {0} CONFIG.C1_DDR2_RESET.INSERT_VIP {0} CONFIG.C1_LPDDR2_RESET.INSERT_VIP {0} CONFIG.C1_QDRIIP_RESET.INSERT_VIP {0} CONFIG.C1_RLDII_RESET.INSERT_VIP {0} CONFIG.C1_RLDIII_RESET.INSERT_VIP {0} CONFIG.C1_CLOCK.INSERT_VIP {0} CONFIG.C1_MMCM_CLKOUT0.INSERT_VIP {0} CONFIG.C1_MMCM_CLKOUT1.INSERT_VIP {0} CONFIG.C1_MMCM_CLKOUT2.INSERT_VIP {0} CONFIG.C1_MMCM_CLKOUT3.INSERT_VIP {0} CONFIG.C1_MMCM_CLKOUT4.INSERT_VIP {0} CONFIG.S1_AXI_CTRL.INSERT_VIP {0} CONFIG.S1_AXI.INSERT_VIP {0} CONFIG.C1_SYS_CLK_I.INSERT_VIP {0} CONFIG.C1_ARESETN.INSERT_VIP {0} CONFIG.C2_RESET.INSERT_VIP {0} CONFIG.C2_DDR3_RESET.INSERT_VIP {0} CONFIG.C2_DDR2_RESET.INSERT_VIP {0} CONFIG.C2_LPDDR2_RESET.INSERT_VIP {0} CONFIG.C2_QDRIIP_RESET.INSERT_VIP {0} CONFIG.C2_RLDII_RESET.INSERT_VIP {0} CONFIG.C2_RLDIII_RESET.INSERT_VIP {0} CONFIG.C2_CLOCK.INSERT_VIP {0} CONFIG.C2_MMCM_CLKOUT0.INSERT_VIP {0} CONFIG.C2_MMCM_CLKOUT1.INSERT_VIP {0} CONFIG.C2_MMCM_CLKOUT2.INSERT_VIP {0} CONFIG.C2_MMCM_CLKOUT3.INSERT_VIP {0} CONFIG.C2_MMCM_CLKOUT4.INSERT_VIP {0} CONFIG.S2_AXI_CTRL.INSERT_VIP {0} CONFIG.S2_AXI.INSERT_VIP {0} CONFIG.C2_SYS_CLK_I.INSERT_VIP {0} CONFIG.C2_ARESETN.INSERT_VIP {0} CONFIG.C3_RESET.INSERT_VIP {0} CONFIG.C3_DDR3_RESET.INSERT_VIP {0} CONFIG.C3_DDR2_RESET.INSERT_VIP {0} CONFIG.C3_LPDDR2_RESET.INSERT_VIP {0} CONFIG.C3_QDRIIP_RESET.INSERT_VIP {0} CONFIG.C3_RLDII_RESET.INSERT_VIP {0} CONFIG.C3_RLDIII_RESET.INSERT_VIP {0} CONFIG.C3_CLOCK.INSERT_VIP {0} CONFIG.C3_MMCM_CLKOUT0.INSERT_VIP {0} CONFIG.C3_MMCM_CLKOUT1.INSERT_VIP {0} CONFIG.C3_MMCM_CLKOUT2.INSERT_VIP {0} CONFIG.C3_MMCM_CLKOUT3.INSERT_VIP {0} CONFIG.C3_MMCM_CLKOUT4.INSERT_VIP {0} CONFIG.S3_AXI_CTRL.INSERT_VIP {0} CONFIG.S3_AXI.INSERT_VIP {0} CONFIG.C3_SYS_CLK_I.INSERT_VIP {0} CONFIG.C3_ARESETN.INSERT_VIP {0} CONFIG.C4_RESET.INSERT_VIP {0} CONFIG.C4_DDR3_RESET.INSERT_VIP {0} CONFIG.C4_DDR2_RESET.INSERT_VIP {0} CONFIG.C4_LPDDR2_RESET.INSERT_VIP {0} CONFIG.C4_QDRIIP_RESET.INSERT_VIP {0} CONFIG.C4_RLDII_RESET.INSERT_VIP {0} CONFIG.C4_RLDIII_RESET.INSERT_VIP {0} CONFIG.C4_CLOCK.INSERT_VIP {0} CONFIG.C4_MMCM_CLKOUT0.INSERT_VIP {0} CONFIG.C4_MMCM_CLKOUT1.INSERT_VIP {0} CONFIG.C4_MMCM_CLKOUT2.INSERT_VIP {0} CONFIG.C4_MMCM_CLKOUT3.INSERT_VIP {0} CONFIG.C4_MMCM_CLKOUT4.INSERT_VIP {0} CONFIG.S4_AXI_CTRL.INSERT_VIP {0} CONFIG.S4_AXI.INSERT_VIP {0} CONFIG.C4_SYS_CLK_I.INSERT_VIP {0} CONFIG.C4_ARESETN.INSERT_VIP {0} CONFIG.C5_RESET.INSERT_VIP {0} CONFIG.C5_DDR3_RESET.INSERT_VIP {0} CONFIG.C5_DDR2_RESET.INSERT_VIP {0} CONFIG.C5_LPDDR2_RESET.INSERT_VIP {0} CONFIG.C5_QDRIIP_RESET.INSERT_VIP {0} CONFIG.C5_RLDII_RESET.INSERT_VIP {0} CONFIG.C5_RLDIII_RESET.INSERT_VIP {0} CONFIG.C5_CLOCK.INSERT_VIP {0} CONFIG.C5_MMCM_CLKOUT0.INSERT_VIP {0} CONFIG.C5_MMCM_CLKOUT1.INSERT_VIP {0} CONFIG.C5_MMCM_CLKOUT2.INSERT_VIP {0} CONFIG.C5_MMCM_CLKOUT3.INSERT_VIP {0} CONFIG.C5_MMCM_CLKOUT4.INSERT_VIP {0} CONFIG.S5_AXI_CTRL.INSERT_VIP {0} CONFIG.S5_AXI.INSERT_VIP {0} CONFIG.C5_SYS_CLK_I.INSERT_VIP {0} CONFIG.C5_ARESETN.INSERT_VIP {0} CONFIG.C6_RESET.INSERT_VIP {0} CONFIG.C6_DDR3_RESET.INSERT_VIP {0} CONFIG.C6_DDR2_RESET.INSERT_VIP {0} CONFIG.C6_LPDDR2_RESET.INSERT_VIP {0} CONFIG.C6_QDRIIP_RESET.INSERT_VIP {0} CONFIG.C6_RLDII_RESET.INSERT_VIP {0} CONFIG.C6_RLDIII_RESET.INSERT_VIP {0} CONFIG.C6_CLOCK.INSERT_VIP {0} CONFIG.C6_MMCM_CLKOUT0.INSERT_VIP {0} CONFIG.C6_MMCM_CLKOUT1.INSERT_VIP {0} CONFIG.C6_MMCM_CLKOUT2.INSERT_VIP {0} CONFIG.C6_MMCM_CLKOUT3.INSERT_VIP {0} CONFIG.C6_MMCM_CLKOUT4.INSERT_VIP {0} CONFIG.S6_AXI_CTRL.INSERT_VIP {0} CONFIG.S6_AXI.INSERT_VIP {0} CONFIG.C6_SYS_CLK_I.INSERT_VIP {0} CONFIG.C6_ARESETN.INSERT_VIP {0} CONFIG.C7_RESET.INSERT_VIP {0} CONFIG.C7_DDR3_RESET.INSERT_VIP {0} CONFIG.C7_DDR2_RESET.INSERT_VIP {0} CONFIG.C7_LPDDR2_RESET.INSERT_VIP {0} CONFIG.C7_QDRIIP_RESET.INSERT_VIP {0} CONFIG.C7_RLDII_RESET.INSERT_VIP {0} CONFIG.C7_RLDIII_RESET.INSERT_VIP {0} CONFIG.C7_CLOCK.INSERT_VIP {0} CONFIG.C7_MMCM_CLKOUT0.INSERT_VIP {0} CONFIG.C7_MMCM_CLKOUT1.INSERT_VIP {0} CONFIG.C7_MMCM_CLKOUT2.INSERT_VIP {0} CONFIG.C7_MMCM_CLKOUT3.INSERT_VIP {0} CONFIG.C7_MMCM_CLKOUT4.INSERT_VIP {0} CONFIG.S7_AXI_CTRL.INSERT_VIP {0} CONFIG.S7_AXI.INSERT_VIP {0} CONFIG.C7_SYS_CLK_I.INSERT_VIP {0} CONFIG.C7_ARESETN.INSERT_VIP {0}] [get_ips ddr3]
generate_target {instantiation_template} [get_files d:/FPGA/week13/7.29/project/dual_cam_display/dual_cam_display_ov5640_k7.srcs/sources_1/ip/ddr3/ddr3.xci]
INFO: [IP_Flow 19-1686] Generating 'Instantiation Template' target for IP 'ddr3'...
generate_target all [get_files  D:/FPGA/week13/7.29/project/dual_cam_display/dual_cam_display_ov5640_k7.srcs/sources_1/ip/ddr3/ddr3.xci]
INFO: [IP_Flow 19-1686] Generating 'Synthesis' target for IP 'ddr3'...
INFO: [IP_Flow 19-1686] Generating 'Simulation' target for IP 'ddr3'...
INFO: [IP_Flow 19-1686] Generating 'Implementation' target for IP 'ddr3'...
INFO: [IP_Flow 19-1686] Generating 'Change Log' target for IP 'ddr3'...
catch { config_ip_cache -export [get_ips -all ddr3] }
export_ip_user_files -of_objects [get_files D:/FPGA/week13/7.29/project/dual_cam_display/dual_cam_display_ov5640_k7.srcs/sources_1/ip/ddr3/ddr3.xci] -no_script -sync -force -quiet
reset_run ddr3_synth_1
launch_runs -jobs 4 ddr3_synth_1
[Mon Oct 23 13:21:27 2023] Launched ddr3_synth_1...
Run output will be captured here: D:/FPGA/week13/7.29/project/dual_cam_display/dual_cam_display_ov5640_k7.runs/ddr3_synth_1/runme.log
export_simulation -of_objects [get_files D:/FPGA/week13/7.29/project/dual_cam_display/dual_cam_display_ov5640_k7.srcs/sources_1/ip/ddr3/ddr3.xci] -directory D:/FPGA/week13/7.29/project/dual_cam_display/dual_cam_display_ov5640_k7.ip_user_files/sim_scripts -ip_user_files_dir D:/FPGA/week13/7.29/project/dual_cam_display/dual_cam_display_ov5640_k7.ip_user_files -ipstatic_source_dir D:/FPGA/week13/7.29/project/dual_cam_display/dual_cam_display_ov5640_k7.ip_user_files/ipstatic -lib_map_path [list {modelsim=D:/FPGA/week13/7.29/project/dual_cam_display/dual_cam_display_ov5640_k7.cache/compile_simlib/modelsim} {questa=C:/Xilinx/vivado_sim_lib} {riviera=D:/FPGA/week13/7.29/project/dual_cam_display/dual_cam_display_ov5640_k7.cache/compile_simlib/riviera} {activehdl=D:/FPGA/week13/7.29/project/dual_cam_display/dual_cam_display_ov5640_k7.cache/compile_simlib/activehdl}] -use_ip_compiled_libs -force -quiet
exit
INFO: [Common 17-206] Exiting Vivado at Tue Oct 24 09:33:51 2023...
